[debug] [2021-03-16T11:50:12.248Z] ----------------------------------------------------------------------
[debug] [2021-03-16T11:50:12.250Z] Command:       /home/indapoint/.nvm/versions/node/v14.16.0/bin/node /home/indapoint/.nvm/versions/node/v14.16.0/bin/firebase deploy --debug
[debug] [2021-03-16T11:50:12.250Z] CLI Version:   9.6.1
[debug] [2021-03-16T11:50:12.250Z] Platform:      linux
[debug] [2021-03-16T11:50:12.251Z] Node Version:  v14.16.0
[debug] [2021-03-16T11:50:12.251Z] Time:          Tue Mar 16 2021 11:50:12 GMT+0000 (Coordinated Universal Time)
[debug] [2021-03-16T11:50:12.251Z] ----------------------------------------------------------------------
[debug] [2021-03-16T11:50:12.251Z] 
[debug] [2021-03-16T11:50:12.256Z] > command requires scopes: ["email","openid","https://www.googleapis.com/auth/cloudplatformprojects.readonly","https://www.googleapis.com/auth/firebase","https://www.googleapis.com/auth/cloud-platform"]
[debug] [2021-03-16T11:50:12.257Z] > authorizing via signed-in user
[debug] [2021-03-16T11:50:12.258Z] [iam] checking project react-burger-builder-shubham for permissions ["firebase.projects.get","firebasehosting.sites.update"]
[debug] [2021-03-16T11:50:12.260Z] > refreshing access token with scopes: ["email","https://www.googleapis.com/auth/cloud-platform","https://www.googleapis.com/auth/cloudplatformprojects.readonly","https://www.googleapis.com/auth/firebase","openid"]
[debug] [2021-03-16T11:50:12.261Z] >>> HTTP REQUEST POST https://www.googleapis.com/oauth2/v3/token  
 <request body omitted>
[debug] [2021-03-16T11:50:12.534Z] <<< HTTP RESPONSE 200 {"pragma":"no-cache","date":"Tue, 16 Mar 2021 06:18:50 GMT","cache-control":"no-cache, no-store, max-age=0, must-revalidate","expires":"Mon, 01 Jan 1990 00:00:00 GMT","content-type":"application/json; charset=utf-8","vary":"X-Origin, Referer, Origin,Accept-Encoding","server":"scaffolding on HTTPServer2","x-xss-protection":"0","x-frame-options":"SAMEORIGIN","x-content-type-options":"nosniff","alt-svc":"h3-29=\":443\"; ma=2592000,h3-T051=\":443\"; ma=2592000,h3-Q050=\":443\"; ma=2592000,h3-Q046=\":443\"; ma=2592000,h3-Q043=\":443\"; ma=2592000,quic=\":443\"; ma=2592000; v=\"46,43\"","accept-ranges":"none","transfer-encoding":"chunked"}
[debug] [2021-03-16T11:50:12.578Z] >>> HTTP REQUEST POST https://cloudresourcemanager.googleapis.com/v1/projects/react-burger-builder-shubham:testIamPermissions  
 {"permissions":["firebase.projects.get","firebasehosting.sites.update"]}
[debug] [2021-03-16T11:50:14.249Z] <<< HTTP RESPONSE 200 {"content-type":"application/json; charset=UTF-8","vary":"X-Origin, Referer, Origin,Accept-Encoding","date":"Tue, 16 Mar 2021 06:18:52 GMT","server":"ESF","cache-control":"private","x-xss-protection":"0","x-frame-options":"SAMEORIGIN","x-content-type-options":"nosniff","server-timing":"gfet4t7; dur=1354","alt-svc":"h3-29=\":443\"; ma=2592000,h3-T051=\":443\"; ma=2592000,h3-Q050=\":443\"; ma=2592000,h3-Q046=\":443\"; ma=2592000,h3-Q043=\":443\"; ma=2592000,quic=\":443\"; ma=2592000; v=\"46,43\"","accept-ranges":"none","transfer-encoding":"chunked"}
[debug] [2021-03-16T11:50:14.251Z] > refreshing access token with scopes: []
[debug] [2021-03-16T11:50:14.251Z] >>> HTTP REQUEST POST https://www.googleapis.com/oauth2/v3/token  
 <request body omitted>
[debug] [2021-03-16T11:50:14.440Z] <<< HTTP RESPONSE 200 {"cache-control":"no-cache, no-store, max-age=0, must-revalidate","expires":"Mon, 01 Jan 1990 00:00:00 GMT","date":"Tue, 16 Mar 2021 06:18:52 GMT","pragma":"no-cache","content-type":"application/json; charset=utf-8","vary":"X-Origin, Referer, Origin,Accept-Encoding","server":"scaffolding on HTTPServer2","x-xss-protection":"0","x-frame-options":"SAMEORIGIN","x-content-type-options":"nosniff","alt-svc":"h3-29=\":443\"; ma=2592000,h3-T051=\":443\"; ma=2592000,h3-Q050=\":443\"; ma=2592000,h3-Q046=\":443\"; ma=2592000,h3-Q043=\":443\"; ma=2592000,quic=\":443\"; ma=2592000; v=\"46,43\"","accept-ranges":"none","transfer-encoding":"chunked"}
[debug] [2021-03-16T11:50:14.486Z] >>> [apiv2][query] GET https://firebase.googleapis.com/v1beta1/projects/react-burger-builder-shubham [none]
[debug] [2021-03-16T11:50:14.884Z] <<< [apiv2][status] GET https://firebase.googleapis.com/v1beta1/projects/react-burger-builder-shubham 200
[debug] [2021-03-16T11:50:14.884Z] <<< [apiv2][body] GET https://firebase.googleapis.com/v1beta1/projects/react-burger-builder-shubham {"projectId":"react-burger-builder-shubham","projectNumber":"1095181653671","displayName":"react-burger-builder","name":"projects/react-burger-builder-shubham","resources":{"hostingSite":"react-burger-builder-shubham","realtimeDatabaseInstance":"react-burger-builder-shubham-default-rtdb"},"state":"ACTIVE"}
[info] 
[info] === Deploying to 'react-burger-builder-shubham'...
[info] 
[info] i  deploying hosting 
[debug] [2021-03-16T11:50:14.888Z] > refreshing access token with scopes: ["email","https://www.googleapis.com/auth/cloud-platform","https://www.googleapis.com/auth/cloudplatformprojects.readonly","https://www.googleapis.com/auth/firebase","openid"]
[debug] [2021-03-16T11:50:14.888Z] >>> HTTP REQUEST POST https://www.googleapis.com/oauth2/v3/token  
 <request body omitted>
[debug] [2021-03-16T11:50:15.088Z] <<< HTTP RESPONSE 200 {"cache-control":"no-cache, no-store, max-age=0, must-revalidate","expires":"Mon, 01 Jan 1990 00:00:00 GMT","date":"Tue, 16 Mar 2021 06:18:53 GMT","pragma":"no-cache","content-type":"application/json; charset=utf-8","vary":"X-Origin, Referer, Origin,Accept-Encoding","server":"scaffolding on HTTPServer2","x-xss-protection":"0","x-frame-options":"SAMEORIGIN","x-content-type-options":"nosniff","alt-svc":"h3-29=\":443\"; ma=2592000,h3-T051=\":443\"; ma=2592000,h3-Q050=\":443\"; ma=2592000,h3-Q046=\":443\"; ma=2592000,h3-Q043=\":443\"; ma=2592000,quic=\":443\"; ma=2592000; v=\"46,43\"","accept-ranges":"none","transfer-encoding":"chunked"}
[debug] [2021-03-16T11:50:15.127Z] >>> HTTP REQUEST POST https://firebasehosting.googleapis.com/v1beta1/sites/react-burger-builder-shubham/versions  
 {"config":{"rewrites":[{"glob":"**","path":"/index.html"}]},"labels":{"deployment-tool":"cli-firebase"}}
[debug] [2021-03-16T11:50:16.980Z] <<< HTTP RESPONSE 200 {"content-type":"application/json; charset=UTF-8","vary":"X-Origin, Referer, Origin,Accept-Encoding","date":"Tue, 16 Mar 2021 06:18:55 GMT","server":"ESF","cache-control":"private","x-xss-protection":"0","x-frame-options":"SAMEORIGIN","x-content-type-options":"nosniff","alt-svc":"h3-29=\":443\"; ma=2592000,h3-T051=\":443\"; ma=2592000,h3-Q050=\":443\"; ma=2592000,h3-Q046=\":443\"; ma=2592000,h3-Q043=\":443\"; ma=2592000,quic=\":443\"; ma=2592000; v=\"46,43\"","accept-ranges":"none","transfer-encoding":"chunked"}
[info] i  hosting[react-burger-builder-shubham]: beginning deploy... 
[info] i  hosting[react-burger-builder-shubham]: found 16 files in build 
[debug] [2021-03-16T11:50:17.007Z] [hosting] hash cache [YnVpbGQ] not populated
[debug] [2021-03-16T11:50:17.202Z] > refreshing access token with scopes: []
[debug] [2021-03-16T11:50:17.202Z] >>> HTTP REQUEST POST https://www.googleapis.com/oauth2/v3/token  
 <request body omitted>
[debug] [2021-03-16T11:50:17.204Z] [hosting] hash cache [YnVpbGQ] stored for 16 files
[debug] [2021-03-16T11:50:17.205Z] [hosting][hash queue][FINAL] {"max":184,"min":23,"avg":36,"active":0,"complete":16,"success":16,"errored":0,"retried":0,"total":16,"elapsed":196}
[debug] [2021-03-16T11:50:17.406Z] <<< HTTP RESPONSE 200 {"expires":"Mon, 01 Jan 1990 00:00:00 GMT","date":"Tue, 16 Mar 2021 06:18:55 GMT","pragma":"no-cache","cache-control":"no-cache, no-store, max-age=0, must-revalidate","content-type":"application/json; charset=utf-8","vary":"X-Origin, Referer, Origin,Accept-Encoding","server":"scaffolding on HTTPServer2","x-xss-protection":"0","x-frame-options":"SAMEORIGIN","x-content-type-options":"nosniff","alt-svc":"h3-29=\":443\"; ma=2592000,h3-T051=\":443\"; ma=2592000,h3-Q050=\":443\"; ma=2592000,h3-Q046=\":443\"; ma=2592000,h3-Q043=\":443\"; ma=2592000,quic=\":443\"; ma=2592000; v=\"46,43\"","accept-ranges":"none","transfer-encoding":"chunked"}
[debug] [2021-03-16T11:50:17.451Z] >>> [apiv2][query] POST https://firebasehosting.googleapis.com/v1beta1/sites/react-burger-builder-shubham/versions/b9b41334afc80c92:populateFiles [none]
[debug] [2021-03-16T11:50:17.451Z] >>> [apiv2][body] POST https://firebasehosting.googleapis.com/v1beta1/sites/react-burger-builder-shubham/versions/b9b41334afc80c92:populateFiles {"files":{"/asset-manifest.json":"ffc08f06c26b74b7875c26dd6dab3ef6f104b15d3b7ff8f13bce2da9c3236459","/favicon.ico":"c599b7a91ab3627e3538125d9f40adc2d4bf949046984262670545dc7738af06","/index.html":"047b27c4f1b4dddfa7b2190f5075a236a2f5237b0e094ce9a5919f5cfaabbfb7","/manifest.json":"def9edbd6b90b1f999de5ca41d60b792ec68386b6258af75699f177e6118c6b1","/service-worker.js":"3236b5fefef099f5daf7e1ec2ac125a0c052526ac2a3d1f2c6798ccd8f47f22f","/static/css/main.454467de.css":"e2aa1265697ac3cd53fb58eedeedc7eef71ac68f5960b292b9e3e27705b7ea2f","/static/css/main.454467de.css.map":"93f0751d6e6fc2360395422ab60b97d0127e17defb20f31304d9f68a3d25aba8","/static/js/0.ac6ebd9a.chunk.js":"4480add466b55875032b6f504fb852e379197196ca5e8ec774cd1dbd18f621b1","/static/js/2.21fa846b.chunk.js":"699a4bc4e4079d2fa5b8da99f205f6e5d99aa83fa7529f036c869a8a73281537","/static/js/2.21fa846b.chunk.js.map":"ae647b2bd391bb36ce215e0f7d19178a756d5e198001954c6f61b03694a8d758","/static/js/1.90006147.chunk.js":"e5aa79b9cff5afe33a6bd7334e12b324fa8c34c54731bdf4aabf476584759a21","/static/js/0.ac6ebd9a.chunk.js.map":"a68dfaf6c8c31312a09c0b1d305b0a508213e2561c355d58cf5653a9b12e56bc","/static/media/burger-logo.b8503d26.png":"daeeff59d51d9e170542ff797d714055dfcef00c42bdd5d5ebd45a42a814a358","/static/js/1.90006147.chunk.js.map":"b666766169a0840d5763c94fb969696912607eaa40cb65c5fd5a5c9b5ecc0cbe","/static/js/main.f6608fe3.js":"748aca79991ac135f1c9d2d4ebfc8b27aa7f321a061f130467c36691108e0753","/static/js/main.f6608fe3.js.map":"fb68b806be6da451edc3d2f4e6fb50a974b9af9d8dc7565a80dfa0c384f92aba"}}
[info] i  hosting: adding files to version [0/16] (0%) 
[debug] [2021-03-16T11:50:19.203Z] <<< [apiv2][status] POST https://firebasehosting.googleapis.com/v1beta1/sites/react-burger-builder-shubham/versions/b9b41334afc80c92:populateFiles 200
[debug] [2021-03-16T11:50:19.203Z] <<< [apiv2][body] POST https://firebasehosting.googleapis.com/v1beta1/sites/react-burger-builder-shubham/versions/b9b41334afc80c92:populateFiles {"uploadRequiredHashes":["4480add466b55875032b6f504fb852e379197196ca5e8ec774cd1dbd18f621b1","748aca79991ac135f1c9d2d4ebfc8b27aa7f321a061f130467c36691108e0753","047b27c4f1b4dddfa7b2190f5075a236a2f5237b0e094ce9a5919f5cfaabbfb7","e5aa79b9cff5afe33a6bd7334e12b324fa8c34c54731bdf4aabf476584759a21","a68dfaf6c8c31312a09c0b1d305b0a508213e2561c355d58cf5653a9b12e56bc","b666766169a0840d5763c94fb969696912607eaa40cb65c5fd5a5c9b5ecc0cbe","fb68b806be6da451edc3d2f4e6fb50a974b9af9d8dc7565a80dfa0c384f92aba","ae647b2bd391bb36ce215e0f7d19178a756d5e198001954c6f61b03694a8d758","3236b5fefef099f5daf7e1ec2ac125a0c052526ac2a3d1f2c6798ccd8f47f22f","699a4bc4e4079d2fa5b8da99f205f6e5d99aa83fa7529f036c869a8a73281537","93f0751d6e6fc2360395422ab60b97d0127e17defb20f31304d9f68a3d25aba8","ffc08f06c26b74b7875c26dd6dab3ef6f104b15d3b7ff8f13bce2da9c3236459","e2aa1265697ac3cd53fb58eedeedc7eef71ac68f5960b292b9e3e27705b7ea2f","daeeff59d51d9e170542ff797d714055dfcef00c42bdd5d5ebd45a42a814a358"],"uploadUrl":"https://upload-firebasehosting.googleapis.com/upload/sites/react-burger-builder-shubham/versions/b9b41334afc80c92/files"}
[debug] [2021-03-16T11:50:19.208Z] >>> [apiv2][query] POST https://upload-firebasehosting.googleapis.com/upload/sites/react-burger-builder-shubham/versions/b9b41334afc80c92/files/4480add466b55875032b6f504fb852e379197196ca5e8ec774cd1dbd18f621b1 [none]
[debug] [2021-03-16T11:50:19.209Z] >>> [apiv2][body] POST https://upload-firebasehosting.googleapis.com/upload/sites/react-burger-builder-shubham/versions/b9b41334afc80c92/files/4480add466b55875032b6f504fb852e379197196ca5e8ec774cd1dbd18f621b1 [stream]
[debug] [2021-03-16T11:50:19.210Z] >>> [apiv2][query] POST https://upload-firebasehosting.googleapis.com/upload/sites/react-burger-builder-shubham/versions/b9b41334afc80c92/files/748aca79991ac135f1c9d2d4ebfc8b27aa7f321a061f130467c36691108e0753 [none]
[debug] [2021-03-16T11:50:19.210Z] >>> [apiv2][body] POST https://upload-firebasehosting.googleapis.com/upload/sites/react-burger-builder-shubham/versions/b9b41334afc80c92/files/748aca79991ac135f1c9d2d4ebfc8b27aa7f321a061f130467c36691108e0753 [stream]
[debug] [2021-03-16T11:50:19.211Z] >>> [apiv2][query] POST https://upload-firebasehosting.googleapis.com/upload/sites/react-burger-builder-shubham/versions/b9b41334afc80c92/files/047b27c4f1b4dddfa7b2190f5075a236a2f5237b0e094ce9a5919f5cfaabbfb7 [none]
[debug] [2021-03-16T11:50:19.212Z] >>> [apiv2][body] POST https://upload-firebasehosting.googleapis.com/upload/sites/react-burger-builder-shubham/versions/b9b41334afc80c92/files/047b27c4f1b4dddfa7b2190f5075a236a2f5237b0e094ce9a5919f5cfaabbfb7 [stream]
[debug] [2021-03-16T11:50:19.213Z] >>> [apiv2][query] POST https://upload-firebasehosting.googleapis.com/upload/sites/react-burger-builder-shubham/versions/b9b41334afc80c92/files/e5aa79b9cff5afe33a6bd7334e12b324fa8c34c54731bdf4aabf476584759a21 [none]
[debug] [2021-03-16T11:50:19.213Z] >>> [apiv2][body] POST https://upload-firebasehosting.googleapis.com/upload/sites/react-burger-builder-shubham/versions/b9b41334afc80c92/files/e5aa79b9cff5afe33a6bd7334e12b324fa8c34c54731bdf4aabf476584759a21 [stream]
[debug] [2021-03-16T11:50:19.218Z] >>> [apiv2][query] POST https://upload-firebasehosting.googleapis.com/upload/sites/react-burger-builder-shubham/versions/b9b41334afc80c92/files/a68dfaf6c8c31312a09c0b1d305b0a508213e2561c355d58cf5653a9b12e56bc [none]
[debug] [2021-03-16T11:50:19.218Z] >>> [apiv2][body] POST https://upload-firebasehosting.googleapis.com/upload/sites/react-burger-builder-shubham/versions/b9b41334afc80c92/files/a68dfaf6c8c31312a09c0b1d305b0a508213e2561c355d58cf5653a9b12e56bc [stream]
[debug] [2021-03-16T11:50:19.220Z] >>> [apiv2][query] POST https://upload-firebasehosting.googleapis.com/upload/sites/react-burger-builder-shubham/versions/b9b41334afc80c92/files/b666766169a0840d5763c94fb969696912607eaa40cb65c5fd5a5c9b5ecc0cbe [none]
[debug] [2021-03-16T11:50:19.220Z] >>> [apiv2][body] POST https://upload-firebasehosting.googleapis.com/upload/sites/react-burger-builder-shubham/versions/b9b41334afc80c92/files/b666766169a0840d5763c94fb969696912607eaa40cb65c5fd5a5c9b5ecc0cbe [stream]
[debug] [2021-03-16T11:50:19.221Z] >>> [apiv2][query] POST https://upload-firebasehosting.googleapis.com/upload/sites/react-burger-builder-shubham/versions/b9b41334afc80c92/files/fb68b806be6da451edc3d2f4e6fb50a974b9af9d8dc7565a80dfa0c384f92aba [none]
[debug] [2021-03-16T11:50:19.221Z] >>> [apiv2][body] POST https://upload-firebasehosting.googleapis.com/upload/sites/react-burger-builder-shubham/versions/b9b41334afc80c92/files/fb68b806be6da451edc3d2f4e6fb50a974b9af9d8dc7565a80dfa0c384f92aba [stream]
[debug] [2021-03-16T11:50:19.222Z] >>> [apiv2][query] POST https://upload-firebasehosting.googleapis.com/upload/sites/react-burger-builder-shubham/versions/b9b41334afc80c92/files/ae647b2bd391bb36ce215e0f7d19178a756d5e198001954c6f61b03694a8d758 [none]
[debug] [2021-03-16T11:50:19.222Z] >>> [apiv2][body] POST https://upload-firebasehosting.googleapis.com/upload/sites/react-burger-builder-shubham/versions/b9b41334afc80c92/files/ae647b2bd391bb36ce215e0f7d19178a756d5e198001954c6f61b03694a8d758 [stream]
[debug] [2021-03-16T11:50:19.224Z] >>> [apiv2][query] POST https://upload-firebasehosting.googleapis.com/upload/sites/react-burger-builder-shubham/versions/b9b41334afc80c92/files/3236b5fefef099f5daf7e1ec2ac125a0c052526ac2a3d1f2c6798ccd8f47f22f [none]
[debug] [2021-03-16T11:50:19.224Z] >>> [apiv2][body] POST https://upload-firebasehosting.googleapis.com/upload/sites/react-burger-builder-shubham/versions/b9b41334afc80c92/files/3236b5fefef099f5daf7e1ec2ac125a0c052526ac2a3d1f2c6798ccd8f47f22f [stream]
[debug] [2021-03-16T11:50:19.228Z] >>> [apiv2][query] POST https://upload-firebasehosting.googleapis.com/upload/sites/react-burger-builder-shubham/versions/b9b41334afc80c92/files/699a4bc4e4079d2fa5b8da99f205f6e5d99aa83fa7529f036c869a8a73281537 [none]
[debug] [2021-03-16T11:50:19.228Z] >>> [apiv2][body] POST https://upload-firebasehosting.googleapis.com/upload/sites/react-burger-builder-shubham/versions/b9b41334afc80c92/files/699a4bc4e4079d2fa5b8da99f205f6e5d99aa83fa7529f036c869a8a73281537 [stream]
[debug] [2021-03-16T11:50:19.230Z] >>> [apiv2][query] POST https://upload-firebasehosting.googleapis.com/upload/sites/react-burger-builder-shubham/versions/b9b41334afc80c92/files/93f0751d6e6fc2360395422ab60b97d0127e17defb20f31304d9f68a3d25aba8 [none]
[debug] [2021-03-16T11:50:19.231Z] >>> [apiv2][body] POST https://upload-firebasehosting.googleapis.com/upload/sites/react-burger-builder-shubham/versions/b9b41334afc80c92/files/93f0751d6e6fc2360395422ab60b97d0127e17defb20f31304d9f68a3d25aba8 [stream]
[debug] [2021-03-16T11:50:19.234Z] >>> [apiv2][query] POST https://upload-firebasehosting.googleapis.com/upload/sites/react-burger-builder-shubham/versions/b9b41334afc80c92/files/ffc08f06c26b74b7875c26dd6dab3ef6f104b15d3b7ff8f13bce2da9c3236459 [none]
[debug] [2021-03-16T11:50:19.234Z] >>> [apiv2][body] POST https://upload-firebasehosting.googleapis.com/upload/sites/react-burger-builder-shubham/versions/b9b41334afc80c92/files/ffc08f06c26b74b7875c26dd6dab3ef6f104b15d3b7ff8f13bce2da9c3236459 [stream]
[debug] [2021-03-16T11:50:19.235Z] >>> [apiv2][query] POST https://upload-firebasehosting.googleapis.com/upload/sites/react-burger-builder-shubham/versions/b9b41334afc80c92/files/e2aa1265697ac3cd53fb58eedeedc7eef71ac68f5960b292b9e3e27705b7ea2f [none]
[debug] [2021-03-16T11:50:19.235Z] >>> [apiv2][body] POST https://upload-firebasehosting.googleapis.com/upload/sites/react-burger-builder-shubham/versions/b9b41334afc80c92/files/e2aa1265697ac3cd53fb58eedeedc7eef71ac68f5960b292b9e3e27705b7ea2f [stream]
[debug] [2021-03-16T11:50:19.236Z] >>> [apiv2][query] POST https://upload-firebasehosting.googleapis.com/upload/sites/react-burger-builder-shubham/versions/b9b41334afc80c92/files/daeeff59d51d9e170542ff797d714055dfcef00c42bdd5d5ebd45a42a814a358 [none]
[debug] [2021-03-16T11:50:19.237Z] >>> [apiv2][body] POST https://upload-firebasehosting.googleapis.com/upload/sites/react-burger-builder-shubham/versions/b9b41334afc80c92/files/daeeff59d51d9e170542ff797d714055dfcef00c42bdd5d5ebd45a42a814a358 [stream]
[debug] [2021-03-16T11:50:19.238Z] [hosting][populate queue][FINAL] {"max":2007,"min":2007,"avg":2007,"active":0,"complete":1,"success":1,"errored":0,"retried":0,"total":1,"elapsed":2037}
[debug] [2021-03-16T11:50:19.238Z] [hosting] uploads queued: 14
[info] i  hosting: uploading new files [0/14] (0%) 
[debug] [2021-03-16T11:50:22.302Z] <<< [apiv2][status] POST https://upload-firebasehosting.googleapis.com/upload/sites/react-burger-builder-shubham/versions/b9b41334afc80c92/files/047b27c4f1b4dddfa7b2190f5075a236a2f5237b0e094ce9a5919f5cfaabbfb7 200
[debug] [2021-03-16T11:50:22.303Z] <<< [apiv2][body] POST https://upload-firebasehosting.googleapis.com/upload/sites/react-burger-builder-shubham/versions/b9b41334afc80c92/files/047b27c4f1b4dddfa7b2190f5075a236a2f5237b0e094ce9a5919f5cfaabbfb7 [stream]
[debug] [2021-03-16T11:50:22.359Z] <<< [apiv2][status] POST https://upload-firebasehosting.googleapis.com/upload/sites/react-burger-builder-shubham/versions/b9b41334afc80c92/files/3236b5fefef099f5daf7e1ec2ac125a0c052526ac2a3d1f2c6798ccd8f47f22f 200
[debug] [2021-03-16T11:50:22.360Z] <<< [apiv2][body] POST https://upload-firebasehosting.googleapis.com/upload/sites/react-burger-builder-shubham/versions/b9b41334afc80c92/files/3236b5fefef099f5daf7e1ec2ac125a0c052526ac2a3d1f2c6798ccd8f47f22f [stream]
[debug] [2021-03-16T11:50:22.444Z] <<< [apiv2][status] POST https://upload-firebasehosting.googleapis.com/upload/sites/react-burger-builder-shubham/versions/b9b41334afc80c92/files/ae647b2bd391bb36ce215e0f7d19178a756d5e198001954c6f61b03694a8d758 200
[debug] [2021-03-16T11:50:22.445Z] <<< [apiv2][body] POST https://upload-firebasehosting.googleapis.com/upload/sites/react-burger-builder-shubham/versions/b9b41334afc80c92/files/ae647b2bd391bb36ce215e0f7d19178a756d5e198001954c6f61b03694a8d758 [stream]
[debug] [2021-03-16T11:50:22.516Z] <<< [apiv2][status] POST https://upload-firebasehosting.googleapis.com/upload/sites/react-burger-builder-shubham/versions/b9b41334afc80c92/files/4480add466b55875032b6f504fb852e379197196ca5e8ec774cd1dbd18f621b1 200
[debug] [2021-03-16T11:50:22.517Z] <<< [apiv2][body] POST https://upload-firebasehosting.googleapis.com/upload/sites/react-burger-builder-shubham/versions/b9b41334afc80c92/files/4480add466b55875032b6f504fb852e379197196ca5e8ec774cd1dbd18f621b1 [stream]
[debug] [2021-03-16T11:50:22.525Z] <<< [apiv2][status] POST https://upload-firebasehosting.googleapis.com/upload/sites/react-burger-builder-shubham/versions/b9b41334afc80c92/files/ffc08f06c26b74b7875c26dd6dab3ef6f104b15d3b7ff8f13bce2da9c3236459 200
[debug] [2021-03-16T11:50:22.525Z] <<< [apiv2][body] POST https://upload-firebasehosting.googleapis.com/upload/sites/react-burger-builder-shubham/versions/b9b41334afc80c92/files/ffc08f06c26b74b7875c26dd6dab3ef6f104b15d3b7ff8f13bce2da9c3236459 [stream]
[debug] [2021-03-16T11:50:22.592Z] <<< [apiv2][status] POST https://upload-firebasehosting.googleapis.com/upload/sites/react-burger-builder-shubham/versions/b9b41334afc80c92/files/e5aa79b9cff5afe33a6bd7334e12b324fa8c34c54731bdf4aabf476584759a21 200
[debug] [2021-03-16T11:50:22.592Z] <<< [apiv2][body] POST https://upload-firebasehosting.googleapis.com/upload/sites/react-burger-builder-shubham/versions/b9b41334afc80c92/files/e5aa79b9cff5afe33a6bd7334e12b324fa8c34c54731bdf4aabf476584759a21 [stream]
[debug] [2021-03-16T11:50:22.621Z] <<< [apiv2][status] POST https://upload-firebasehosting.googleapis.com/upload/sites/react-burger-builder-shubham/versions/b9b41334afc80c92/files/b666766169a0840d5763c94fb969696912607eaa40cb65c5fd5a5c9b5ecc0cbe 200
[debug] [2021-03-16T11:50:22.621Z] <<< [apiv2][body] POST https://upload-firebasehosting.googleapis.com/upload/sites/react-burger-builder-shubham/versions/b9b41334afc80c92/files/b666766169a0840d5763c94fb969696912607eaa40cb65c5fd5a5c9b5ecc0cbe [stream]
[debug] [2021-03-16T11:50:22.627Z] <<< [apiv2][status] POST https://upload-firebasehosting.googleapis.com/upload/sites/react-burger-builder-shubham/versions/b9b41334afc80c92/files/699a4bc4e4079d2fa5b8da99f205f6e5d99aa83fa7529f036c869a8a73281537 200
[debug] [2021-03-16T11:50:22.627Z] <<< [apiv2][body] POST https://upload-firebasehosting.googleapis.com/upload/sites/react-burger-builder-shubham/versions/b9b41334afc80c92/files/699a4bc4e4079d2fa5b8da99f205f6e5d99aa83fa7529f036c869a8a73281537 [stream]
[debug] [2021-03-16T11:50:22.642Z] <<< [apiv2][status] POST https://upload-firebasehosting.googleapis.com/upload/sites/react-burger-builder-shubham/versions/b9b41334afc80c92/files/a68dfaf6c8c31312a09c0b1d305b0a508213e2561c355d58cf5653a9b12e56bc 200
[debug] [2021-03-16T11:50:22.642Z] <<< [apiv2][body] POST https://upload-firebasehosting.googleapis.com/upload/sites/react-burger-builder-shubham/versions/b9b41334afc80c92/files/a68dfaf6c8c31312a09c0b1d305b0a508213e2561c355d58cf5653a9b12e56bc [stream]
[info] i  hosting: uploading new files [9/14] (64%) 
[debug] [2021-03-16T11:50:23.024Z] <<< [apiv2][status] POST https://upload-firebasehosting.googleapis.com/upload/sites/react-burger-builder-shubham/versions/b9b41334afc80c92/files/748aca79991ac135f1c9d2d4ebfc8b27aa7f321a061f130467c36691108e0753 200
[debug] [2021-03-16T11:50:23.024Z] <<< [apiv2][body] POST https://upload-firebasehosting.googleapis.com/upload/sites/react-burger-builder-shubham/versions/b9b41334afc80c92/files/748aca79991ac135f1c9d2d4ebfc8b27aa7f321a061f130467c36691108e0753 [stream]
[debug] [2021-03-16T11:50:23.224Z] <<< [apiv2][status] POST https://upload-firebasehosting.googleapis.com/upload/sites/react-burger-builder-shubham/versions/b9b41334afc80c92/files/93f0751d6e6fc2360395422ab60b97d0127e17defb20f31304d9f68a3d25aba8 200
[debug] [2021-03-16T11:50:23.225Z] <<< [apiv2][body] POST https://upload-firebasehosting.googleapis.com/upload/sites/react-burger-builder-shubham/versions/b9b41334afc80c92/files/93f0751d6e6fc2360395422ab60b97d0127e17defb20f31304d9f68a3d25aba8 [stream]
[debug] [2021-03-16T11:50:23.401Z] <<< [apiv2][status] POST https://upload-firebasehosting.googleapis.com/upload/sites/react-burger-builder-shubham/versions/b9b41334afc80c92/files/fb68b806be6da451edc3d2f4e6fb50a974b9af9d8dc7565a80dfa0c384f92aba 200
[debug] [2021-03-16T11:50:23.401Z] <<< [apiv2][body] POST https://upload-firebasehosting.googleapis.com/upload/sites/react-burger-builder-shubham/versions/b9b41334afc80c92/files/fb68b806be6da451edc3d2f4e6fb50a974b9af9d8dc7565a80dfa0c384f92aba [stream]
[debug] [2021-03-16T11:50:23.511Z] <<< [apiv2][status] POST https://upload-firebasehosting.googleapis.com/upload/sites/react-burger-builder-shubham/versions/b9b41334afc80c92/files/e2aa1265697ac3cd53fb58eedeedc7eef71ac68f5960b292b9e3e27705b7ea2f 200
[debug] [2021-03-16T11:50:23.511Z] <<< [apiv2][body] POST https://upload-firebasehosting.googleapis.com/upload/sites/react-burger-builder-shubham/versions/b9b41334afc80c92/files/e2aa1265697ac3cd53fb58eedeedc7eef71ac68f5960b292b9e3e27705b7ea2f [stream]
[debug] [2021-03-16T11:50:23.559Z] <<< [apiv2][status] POST https://upload-firebasehosting.googleapis.com/upload/sites/react-burger-builder-shubham/versions/b9b41334afc80c92/files/daeeff59d51d9e170542ff797d714055dfcef00c42bdd5d5ebd45a42a814a358 200
[debug] [2021-03-16T11:50:23.559Z] <<< [apiv2][body] POST https://upload-firebasehosting.googleapis.com/upload/sites/react-burger-builder-shubham/versions/b9b41334afc80c92/files/daeeff59d51d9e170542ff797d714055dfcef00c42bdd5d5ebd45a42a814a358 [stream]
[debug] [2021-03-16T11:50:23.559Z] [hosting][upload queue][FINAL] {"max":4351,"min":3098,"avg":3605.0714285714284,"active":0,"complete":14,"success":14,"errored":0,"retried":0,"total":14,"elapsed":4355}
[info] ✔  hosting[react-burger-builder-shubham]: file upload complete 
[debug] [2021-03-16T11:50:23.560Z] [hosting] deploy completed after 6576ms
[debug] [2021-03-16T11:50:23.747Z] [
  {
    "config": {
      "public": "build",
      "ignore": [
        "firebase.json",
        "**/.*",
        "**/node_modules/**"
      ],
      "rewrites": [
        {
          "source": "**",
          "destination": "/index.html"
        }
      ],
      "site": "react-burger-builder-shubham"
    },
    "site": "react-burger-builder-shubham",
    "version": "sites/react-burger-builder-shubham/versions/b9b41334afc80c92"
  }
]
[info] i  hosting[react-burger-builder-shubham]: finalizing version... 
[debug] [2021-03-16T11:50:23.748Z] > refreshing access token with scopes: ["email","https://www.googleapis.com/auth/cloud-platform","https://www.googleapis.com/auth/cloudplatformprojects.readonly","https://www.googleapis.com/auth/firebase","openid"]
[debug] [2021-03-16T11:50:23.749Z] >>> HTTP REQUEST POST https://www.googleapis.com/oauth2/v3/token  
 <request body omitted>
[debug] [2021-03-16T11:50:23.943Z] <<< HTTP RESPONSE 200 {"pragma":"no-cache","date":"Tue, 16 Mar 2021 06:19:02 GMT","expires":"Mon, 01 Jan 1990 00:00:00 GMT","cache-control":"no-cache, no-store, max-age=0, must-revalidate","content-type":"application/json; charset=utf-8","vary":"X-Origin, Referer, Origin,Accept-Encoding","server":"scaffolding on HTTPServer2","x-xss-protection":"0","x-frame-options":"SAMEORIGIN","x-content-type-options":"nosniff","alt-svc":"h3-29=\":443\"; ma=2592000,h3-T051=\":443\"; ma=2592000,h3-Q050=\":443\"; ma=2592000,h3-Q046=\":443\"; ma=2592000,h3-Q043=\":443\"; ma=2592000,quic=\":443\"; ma=2592000; v=\"46,43\"","accept-ranges":"none","transfer-encoding":"chunked"}
[debug] [2021-03-16T11:50:23.988Z] >>> HTTP REQUEST PATCH https://firebasehosting.googleapis.com/v1beta1/sites/react-burger-builder-shubham/versions/b9b41334afc80c92?updateMask=status  
 {"status":"FINALIZED"}
[debug] [2021-03-16T11:50:25.679Z] <<< HTTP RESPONSE 200 {"content-type":"application/json; charset=UTF-8","vary":"X-Origin, Referer, Origin,Accept-Encoding","date":"Tue, 16 Mar 2021 06:19:04 GMT","server":"ESF","cache-control":"private","x-xss-protection":"0","x-frame-options":"SAMEORIGIN","x-content-type-options":"nosniff","alt-svc":"h3-29=\":443\"; ma=2592000,h3-T051=\":443\"; ma=2592000,h3-Q050=\":443\"; ma=2592000,h3-Q046=\":443\"; ma=2592000,h3-Q043=\":443\"; ma=2592000,quic=\":443\"; ma=2592000; v=\"46,43\"","accept-ranges":"none","transfer-encoding":"chunked"}
[debug] [2021-03-16T11:50:25.679Z] [hosting] finalized version for react-burger-builder-shubham: {"name":"sites/react-burger-builder-shubham/versions/b9b41334afc80c92","status":"FINALIZED","config":{"rewrites":[{"glob":"**","path":"/index.html"}]},"labels":{"deployment-tool":"cli-firebase"},"createTime":"2021-03-16T06:18:55.103580Z","createUser":{"email":"subham.indapoint@gmail.com"},"finalizeTime":"2021-03-16T06:19:03.989165Z","finalizeUser":{"email":"subham.indapoint@gmail.com"}}
[info] ✔  hosting[react-burger-builder-shubham]: version finalized 
[info] i  hosting[react-burger-builder-shubham]: releasing new version... 
[debug] [2021-03-16T11:50:25.680Z] >>> HTTP REQUEST POST https://firebasehosting.googleapis.com/v1beta1/sites/react-burger-builder-shubham/releases?version_name=sites/react-burger-builder-shubham/versions/b9b41334afc80c92  
 {"message":null}
[debug] [2021-03-16T11:50:27.341Z] <<< HTTP RESPONSE 200 {"content-type":"application/json; charset=UTF-8","vary":"X-Origin, Referer, Origin,Accept-Encoding","date":"Tue, 16 Mar 2021 06:19:05 GMT","server":"ESF","cache-control":"private","x-xss-protection":"0","x-frame-options":"SAMEORIGIN","x-content-type-options":"nosniff","alt-svc":"h3-29=\":443\"; ma=2592000,h3-T051=\":443\"; ma=2592000,h3-Q050=\":443\"; ma=2592000,h3-Q046=\":443\"; ma=2592000,h3-Q043=\":443\"; ma=2592000,quic=\":443\"; ma=2592000; v=\"46,43\"","accept-ranges":"none","transfer-encoding":"chunked"}
[debug] [2021-03-16T11:50:27.342Z] [hosting] release: {"name":"sites/react-burger-builder-shubham/releases/1615875545113175","version":{"name":"sites/react-burger-builder-shubham/versions/b9b41334afc80c92","status":"FINALIZED","config":{"rewrites":[{"glob":"**","path":"/index.html"}]},"labels":{"deployment-tool":"cli-firebase"},"createTime":"2021-03-16T06:18:55.103580Z","createUser":{"email":"subham.indapoint@gmail.com"},"finalizeTime":"2021-03-16T06:19:03.989165Z","finalizeUser":{"email":"subham.indapoint@gmail.com"},"preview":{}},"type":"DEPLOY","releaseTime":"2021-03-16T06:19:05.113175513Z","releaseUser":{"email":"subham.indapoint@gmail.com"}}
[info] ✔  hosting[react-burger-builder-shubham]: release complete 
[info] 
[info] ✔  Deploy complete! 
[info] 
[info] Project Console: https://console.firebase.google.com/project/react-burger-builder-shubham/overview
[info] Hosting URL: https://react-burger-builder-shubham.web.app
